<?xml version="1.0" encoding="UTF-8"?>
<testsuite name="com.example.sampleb.SampleBApplicationTests" tests="1" skipped="0" failures="0" errors="0" timestamp="2026-04-20T02:59:45.554Z" hostname="NedsMBPro.local" time="0.806">
  <properties/>
  <testcase name="contextLoads()" classname="com.example.sampleb.SampleBApplicationTests" time="0.276"/>
  <system-out><![CDATA[10:59:45.596 [Test worker] INFO org.springframework.test.context.support.AnnotationConfigContextLoaderUtils -- Could not detect default configuration classes for test class [com.example.sampleb.SampleBApplicationTests]: SampleBApplicationTests does not declare any static, non-private, non-final, nested classes annotated with @Configuration.
10:59:45.635 [Test worker] INFO org.springframework.boot.test.context.SpringBootTestContextBootstrapper -- Found @SpringBootConfiguration com.example.sampleb.SampleBApplication for test class com.example.sampleb.SampleBApplicationTests

  .   ____          _            __ _ _
 /\\ / ___'_ __ _ _(_)_ __  __ _ \ \ \ \
( ( )\___ | '_ | '_| | '_ \/ _` | \ \ \ \
 \\/  ___)| |_)| | | | | || (_| |  ) ) ) )
  '  |____| .__|_| |_|_| |_\__, | / / / /
 =========|_|==============|___/=/_/_/_/

 :: Spring Boot ::                (v3.5.0)

2026-04-20T10:59:45.761+08:00  INFO 85476 --- [    Test worker] c.e.sampleb.SampleBApplicationTests      : Starting SampleBApplicationTests using Java 21.0.10 with PID 85476 (started by nedlin in /Users/nedlin/IdeaProjects/build-demo/poc/samples/sample-b/gradle/app)
2026-04-20T10:59:45.761+08:00  INFO 85476 --- [    Test worker] c.e.sampleb.SampleBApplicationTests      : No active profile set, falling back to 1 default profile: "default"
2026-04-20T10:59:46.079+08:00  INFO 85476 --- [    Test worker] c.e.sampleb.SampleBApplicationTests      : Started SampleBApplicationTests in 0.404 seconds (process running for 0.767)
]]></system-out>
  <system-err><![CDATA[]]></system-err>
</testsuite>
